[2023-04-28T06:04:47.066+0000] {processor.py:153} INFO - Started process (PID=34) to work on /opt/airflow/dags/etl_web_to_s3.py
[2023-04-28T06:04:47.067+0000] {processor.py:743} INFO - Processing file /opt/airflow/dags/etl_web_to_s3.py for tasks to queue
[2023-04-28T06:04:47.068+0000] {logging_mixin.py:137} INFO - [2023-04-28T06:04:47.068+0000] {dagbag.py:532} INFO - Filling up the DagBag from /opt/airflow/dags/etl_web_to_s3.py
[2023-04-28T06:04:51.002+0000] {processor.py:753} INFO - DAG(s) dict_keys(['etl_web_to_s3']) retrieved from /opt/airflow/dags/etl_web_to_s3.py
[2023-04-28T06:04:51.176+0000] {logging_mixin.py:137} INFO - [2023-04-28T06:04:51.175+0000] {dag.py:2705} INFO - Sync 1 DAGs
[2023-04-28T06:04:51.239+0000] {logging_mixin.py:137} INFO - [2023-04-28T06:04:51.239+0000] {dag.py:3456} INFO - Setting next_dagrun for etl_web_to_s3 to 2023-04-26T00:00:00+00:00, run_after=2023-04-27T00:00:00+00:00
[2023-04-28T06:04:51.301+0000] {processor.py:175} INFO - Processing /opt/airflow/dags/etl_web_to_s3.py took 4.242 seconds
[2023-04-28T06:05:21.602+0000] {processor.py:153} INFO - Started process (PID=47) to work on /opt/airflow/dags/etl_web_to_s3.py
[2023-04-28T06:05:21.605+0000] {processor.py:743} INFO - Processing file /opt/airflow/dags/etl_web_to_s3.py for tasks to queue
[2023-04-28T06:05:21.607+0000] {logging_mixin.py:137} INFO - [2023-04-28T06:05:21.606+0000] {dagbag.py:532} INFO - Filling up the DagBag from /opt/airflow/dags/etl_web_to_s3.py
[2023-04-28T06:05:22.552+0000] {processor.py:753} INFO - DAG(s) dict_keys(['etl_web_to_s3']) retrieved from /opt/airflow/dags/etl_web_to_s3.py
[2023-04-28T06:05:22.580+0000] {logging_mixin.py:137} INFO - [2023-04-28T06:05:22.580+0000] {dag.py:2705} INFO - Sync 1 DAGs
[2023-04-28T06:05:22.628+0000] {logging_mixin.py:137} INFO - [2023-04-28T06:05:22.628+0000] {dag.py:3456} INFO - Setting next_dagrun for etl_web_to_s3 to 2023-04-26T00:00:00+00:00, run_after=2023-04-27T00:00:00+00:00
[2023-04-28T06:05:22.649+0000] {processor.py:175} INFO - Processing /opt/airflow/dags/etl_web_to_s3.py took 1.054 seconds
[2023-04-28T06:05:53.020+0000] {processor.py:153} INFO - Started process (PID=60) to work on /opt/airflow/dags/etl_web_to_s3.py
[2023-04-28T06:05:53.022+0000] {processor.py:743} INFO - Processing file /opt/airflow/dags/etl_web_to_s3.py for tasks to queue
[2023-04-28T06:05:53.034+0000] {logging_mixin.py:137} INFO - [2023-04-28T06:05:53.034+0000] {dagbag.py:532} INFO - Filling up the DagBag from /opt/airflow/dags/etl_web_to_s3.py
[2023-04-28T06:05:54.130+0000] {processor.py:753} INFO - DAG(s) dict_keys(['etl_web_to_s3']) retrieved from /opt/airflow/dags/etl_web_to_s3.py
[2023-04-28T06:05:54.166+0000] {logging_mixin.py:137} INFO - [2023-04-28T06:05:54.163+0000] {dag.py:2705} INFO - Sync 1 DAGs
[2023-04-28T06:05:54.210+0000] {logging_mixin.py:137} INFO - [2023-04-28T06:05:54.210+0000] {dag.py:3456} INFO - Setting next_dagrun for etl_web_to_s3 to 2023-04-26T00:00:00+00:00, run_after=2023-04-27T00:00:00+00:00
[2023-04-28T06:05:54.232+0000] {processor.py:175} INFO - Processing /opt/airflow/dags/etl_web_to_s3.py took 1.251 seconds
[2023-04-28T06:06:24.545+0000] {processor.py:153} INFO - Started process (PID=73) to work on /opt/airflow/dags/etl_web_to_s3.py
[2023-04-28T06:06:24.550+0000] {processor.py:743} INFO - Processing file /opt/airflow/dags/etl_web_to_s3.py for tasks to queue
[2023-04-28T06:06:24.552+0000] {logging_mixin.py:137} INFO - [2023-04-28T06:06:24.552+0000] {dagbag.py:532} INFO - Filling up the DagBag from /opt/airflow/dags/etl_web_to_s3.py
[2023-04-28T06:06:25.288+0000] {processor.py:753} INFO - DAG(s) dict_keys(['etl_web_to_s3']) retrieved from /opt/airflow/dags/etl_web_to_s3.py
[2023-04-28T06:06:25.315+0000] {logging_mixin.py:137} INFO - [2023-04-28T06:06:25.314+0000] {dag.py:2705} INFO - Sync 1 DAGs
[2023-04-28T06:06:25.354+0000] {logging_mixin.py:137} INFO - [2023-04-28T06:06:25.354+0000] {dag.py:3456} INFO - Setting next_dagrun for etl_web_to_s3 to 2023-04-26T00:00:00+00:00, run_after=2023-04-27T00:00:00+00:00
[2023-04-28T06:06:25.376+0000] {processor.py:175} INFO - Processing /opt/airflow/dags/etl_web_to_s3.py took 0.860 seconds
[2023-04-28T06:06:55.652+0000] {processor.py:153} INFO - Started process (PID=85) to work on /opt/airflow/dags/etl_web_to_s3.py
[2023-04-28T06:06:55.655+0000] {processor.py:743} INFO - Processing file /opt/airflow/dags/etl_web_to_s3.py for tasks to queue
[2023-04-28T06:06:55.656+0000] {logging_mixin.py:137} INFO - [2023-04-28T06:06:55.656+0000] {dagbag.py:532} INFO - Filling up the DagBag from /opt/airflow/dags/etl_web_to_s3.py
[2023-04-28T06:06:56.498+0000] {processor.py:753} INFO - DAG(s) dict_keys(['etl_web_to_s3']) retrieved from /opt/airflow/dags/etl_web_to_s3.py
[2023-04-28T06:06:56.527+0000] {logging_mixin.py:137} INFO - [2023-04-28T06:06:56.527+0000] {dag.py:2705} INFO - Sync 1 DAGs
[2023-04-28T06:06:56.560+0000] {logging_mixin.py:137} INFO - [2023-04-28T06:06:56.560+0000] {dag.py:3456} INFO - Setting next_dagrun for etl_web_to_s3 to 2023-04-26T00:00:00+00:00, run_after=2023-04-27T00:00:00+00:00
[2023-04-28T06:06:56.583+0000] {processor.py:175} INFO - Processing /opt/airflow/dags/etl_web_to_s3.py took 0.941 seconds
[2023-04-28T06:07:26.808+0000] {processor.py:153} INFO - Started process (PID=98) to work on /opt/airflow/dags/etl_web_to_s3.py
[2023-04-28T06:07:26.811+0000] {processor.py:743} INFO - Processing file /opt/airflow/dags/etl_web_to_s3.py for tasks to queue
[2023-04-28T06:07:26.812+0000] {logging_mixin.py:137} INFO - [2023-04-28T06:07:26.812+0000] {dagbag.py:532} INFO - Filling up the DagBag from /opt/airflow/dags/etl_web_to_s3.py
[2023-04-28T06:07:27.476+0000] {processor.py:753} INFO - DAG(s) dict_keys(['etl_web_to_s3']) retrieved from /opt/airflow/dags/etl_web_to_s3.py
[2023-04-28T06:07:27.504+0000] {logging_mixin.py:137} INFO - [2023-04-28T06:07:27.504+0000] {dag.py:2705} INFO - Sync 1 DAGs
[2023-04-28T06:07:27.549+0000] {logging_mixin.py:137} INFO - [2023-04-28T06:07:27.549+0000] {dag.py:3456} INFO - Setting next_dagrun for etl_web_to_s3 to 2023-04-26T00:00:00+00:00, run_after=2023-04-27T00:00:00+00:00
[2023-04-28T06:07:27.573+0000] {processor.py:175} INFO - Processing /opt/airflow/dags/etl_web_to_s3.py took 0.776 seconds
[2023-04-28T06:07:57.873+0000] {processor.py:153} INFO - Started process (PID=111) to work on /opt/airflow/dags/etl_web_to_s3.py
[2023-04-28T06:07:57.875+0000] {processor.py:743} INFO - Processing file /opt/airflow/dags/etl_web_to_s3.py for tasks to queue
[2023-04-28T06:07:57.876+0000] {logging_mixin.py:137} INFO - [2023-04-28T06:07:57.876+0000] {dagbag.py:532} INFO - Filling up the DagBag from /opt/airflow/dags/etl_web_to_s3.py
[2023-04-28T06:07:58.576+0000] {processor.py:753} INFO - DAG(s) dict_keys(['etl_web_to_s3']) retrieved from /opt/airflow/dags/etl_web_to_s3.py
[2023-04-28T06:07:58.606+0000] {logging_mixin.py:137} INFO - [2023-04-28T06:07:58.606+0000] {dag.py:2705} INFO - Sync 1 DAGs
[2023-04-28T06:07:58.650+0000] {logging_mixin.py:137} INFO - [2023-04-28T06:07:58.650+0000] {dag.py:3456} INFO - Setting next_dagrun for etl_web_to_s3 to 2023-04-26T00:00:00+00:00, run_after=2023-04-27T00:00:00+00:00
[2023-04-28T06:07:58.677+0000] {processor.py:175} INFO - Processing /opt/airflow/dags/etl_web_to_s3.py took 0.813 seconds
[2023-04-28T06:08:28.930+0000] {processor.py:153} INFO - Started process (PID=124) to work on /opt/airflow/dags/etl_web_to_s3.py
[2023-04-28T06:08:28.933+0000] {processor.py:743} INFO - Processing file /opt/airflow/dags/etl_web_to_s3.py for tasks to queue
[2023-04-28T06:08:28.934+0000] {logging_mixin.py:137} INFO - [2023-04-28T06:08:28.934+0000] {dagbag.py:532} INFO - Filling up the DagBag from /opt/airflow/dags/etl_web_to_s3.py
[2023-04-28T06:08:29.712+0000] {processor.py:753} INFO - DAG(s) dict_keys(['etl_web_to_s3']) retrieved from /opt/airflow/dags/etl_web_to_s3.py
[2023-04-28T06:08:29.734+0000] {logging_mixin.py:137} INFO - [2023-04-28T06:08:29.733+0000] {dag.py:2705} INFO - Sync 1 DAGs
[2023-04-28T06:08:29.771+0000] {logging_mixin.py:137} INFO - [2023-04-28T06:08:29.771+0000] {dag.py:3456} INFO - Setting next_dagrun for etl_web_to_s3 to 2023-04-26T00:00:00+00:00, run_after=2023-04-27T00:00:00+00:00
[2023-04-28T06:08:29.794+0000] {processor.py:175} INFO - Processing /opt/airflow/dags/etl_web_to_s3.py took 0.871 seconds
[2023-04-28T06:09:00.013+0000] {processor.py:153} INFO - Started process (PID=137) to work on /opt/airflow/dags/etl_web_to_s3.py
[2023-04-28T06:09:00.016+0000] {processor.py:743} INFO - Processing file /opt/airflow/dags/etl_web_to_s3.py for tasks to queue
[2023-04-28T06:09:00.017+0000] {logging_mixin.py:137} INFO - [2023-04-28T06:09:00.017+0000] {dagbag.py:532} INFO - Filling up the DagBag from /opt/airflow/dags/etl_web_to_s3.py
[2023-04-28T06:09:00.920+0000] {processor.py:753} INFO - DAG(s) dict_keys(['etl_web_to_s3']) retrieved from /opt/airflow/dags/etl_web_to_s3.py
[2023-04-28T06:09:00.948+0000] {logging_mixin.py:137} INFO - [2023-04-28T06:09:00.948+0000] {dag.py:2705} INFO - Sync 1 DAGs
[2023-04-28T06:09:00.981+0000] {logging_mixin.py:137} INFO - [2023-04-28T06:09:00.980+0000] {dag.py:3456} INFO - Setting next_dagrun for etl_web_to_s3 to 2023-04-26T00:00:00+00:00, run_after=2023-04-27T00:00:00+00:00
[2023-04-28T06:09:01.002+0000] {processor.py:175} INFO - Processing /opt/airflow/dags/etl_web_to_s3.py took 0.994 seconds
[2023-04-28T06:09:31.212+0000] {processor.py:153} INFO - Started process (PID=150) to work on /opt/airflow/dags/etl_web_to_s3.py
[2023-04-28T06:09:31.215+0000] {processor.py:743} INFO - Processing file /opt/airflow/dags/etl_web_to_s3.py for tasks to queue
[2023-04-28T06:09:31.216+0000] {logging_mixin.py:137} INFO - [2023-04-28T06:09:31.216+0000] {dagbag.py:532} INFO - Filling up the DagBag from /opt/airflow/dags/etl_web_to_s3.py
[2023-04-28T06:09:32.913+0000] {processor.py:753} INFO - DAG(s) dict_keys(['etl_web_to_s3']) retrieved from /opt/airflow/dags/etl_web_to_s3.py
[2023-04-28T06:09:32.949+0000] {logging_mixin.py:137} INFO - [2023-04-28T06:09:32.948+0000] {dag.py:2705} INFO - Sync 1 DAGs
[2023-04-28T06:09:33.055+0000] {logging_mixin.py:137} INFO - [2023-04-28T06:09:33.055+0000] {dag.py:3456} INFO - Setting next_dagrun for etl_web_to_s3 to 2023-04-26T00:00:00+00:00, run_after=2023-04-27T00:00:00+00:00
[2023-04-28T06:09:33.112+0000] {processor.py:175} INFO - Processing /opt/airflow/dags/etl_web_to_s3.py took 1.906 seconds
[2023-04-28T06:10:03.448+0000] {processor.py:153} INFO - Started process (PID=165) to work on /opt/airflow/dags/etl_web_to_s3.py
[2023-04-28T06:10:03.450+0000] {processor.py:743} INFO - Processing file /opt/airflow/dags/etl_web_to_s3.py for tasks to queue
[2023-04-28T06:10:03.451+0000] {logging_mixin.py:137} INFO - [2023-04-28T06:10:03.451+0000] {dagbag.py:532} INFO - Filling up the DagBag from /opt/airflow/dags/etl_web_to_s3.py
[2023-04-28T06:10:04.327+0000] {processor.py:753} INFO - DAG(s) dict_keys(['etl_web_to_s3']) retrieved from /opt/airflow/dags/etl_web_to_s3.py
[2023-04-28T06:10:04.348+0000] {logging_mixin.py:137} INFO - [2023-04-28T06:10:04.347+0000] {dag.py:2705} INFO - Sync 1 DAGs
[2023-04-28T06:10:04.380+0000] {logging_mixin.py:137} INFO - [2023-04-28T06:10:04.380+0000] {dag.py:3456} INFO - Setting next_dagrun for etl_web_to_s3 to 2023-04-26T00:00:00+00:00, run_after=2023-04-27T00:00:00+00:00
[2023-04-28T06:10:04.402+0000] {processor.py:175} INFO - Processing /opt/airflow/dags/etl_web_to_s3.py took 0.958 seconds
[2023-04-28T06:10:34.684+0000] {processor.py:153} INFO - Started process (PID=184) to work on /opt/airflow/dags/etl_web_to_s3.py
[2023-04-28T06:10:34.687+0000] {processor.py:743} INFO - Processing file /opt/airflow/dags/etl_web_to_s3.py for tasks to queue
[2023-04-28T06:10:34.688+0000] {logging_mixin.py:137} INFO - [2023-04-28T06:10:34.687+0000] {dagbag.py:532} INFO - Filling up the DagBag from /opt/airflow/dags/etl_web_to_s3.py
[2023-04-28T06:10:35.371+0000] {processor.py:753} INFO - DAG(s) dict_keys(['etl_web_to_s3']) retrieved from /opt/airflow/dags/etl_web_to_s3.py
[2023-04-28T06:10:35.390+0000] {logging_mixin.py:137} INFO - [2023-04-28T06:10:35.390+0000] {dag.py:2705} INFO - Sync 1 DAGs
[2023-04-28T06:10:35.429+0000] {logging_mixin.py:137} INFO - [2023-04-28T06:10:35.429+0000] {dag.py:3456} INFO - Setting next_dagrun for etl_web_to_s3 to 2023-04-26T00:00:00+00:00, run_after=2023-04-27T00:00:00+00:00
[2023-04-28T06:10:35.453+0000] {processor.py:175} INFO - Processing /opt/airflow/dags/etl_web_to_s3.py took 0.773 seconds
[2023-04-28T06:11:05.806+0000] {processor.py:153} INFO - Started process (PID=197) to work on /opt/airflow/dags/etl_web_to_s3.py
[2023-04-28T06:11:05.809+0000] {processor.py:743} INFO - Processing file /opt/airflow/dags/etl_web_to_s3.py for tasks to queue
[2023-04-28T06:11:05.810+0000] {logging_mixin.py:137} INFO - [2023-04-28T06:11:05.809+0000] {dagbag.py:532} INFO - Filling up the DagBag from /opt/airflow/dags/etl_web_to_s3.py
[2023-04-28T06:11:06.609+0000] {processor.py:753} INFO - DAG(s) dict_keys(['etl_web_to_s3']) retrieved from /opt/airflow/dags/etl_web_to_s3.py
[2023-04-28T06:11:06.642+0000] {logging_mixin.py:137} INFO - [2023-04-28T06:11:06.642+0000] {dag.py:2705} INFO - Sync 1 DAGs
[2023-04-28T06:11:06.679+0000] {logging_mixin.py:137} INFO - [2023-04-28T06:11:06.679+0000] {dag.py:3456} INFO - Setting next_dagrun for etl_web_to_s3 to 2023-04-26T00:00:00+00:00, run_after=2023-04-27T00:00:00+00:00
[2023-04-28T06:11:06.702+0000] {processor.py:175} INFO - Processing /opt/airflow/dags/etl_web_to_s3.py took 0.900 seconds
[2023-04-28T06:11:37.007+0000] {processor.py:153} INFO - Started process (PID=211) to work on /opt/airflow/dags/etl_web_to_s3.py
[2023-04-28T06:11:37.008+0000] {processor.py:743} INFO - Processing file /opt/airflow/dags/etl_web_to_s3.py for tasks to queue
[2023-04-28T06:11:37.009+0000] {logging_mixin.py:137} INFO - [2023-04-28T06:11:37.009+0000] {dagbag.py:532} INFO - Filling up the DagBag from /opt/airflow/dags/etl_web_to_s3.py
[2023-04-28T06:11:37.683+0000] {processor.py:753} INFO - DAG(s) dict_keys(['etl_web_to_s3']) retrieved from /opt/airflow/dags/etl_web_to_s3.py
[2023-04-28T06:11:37.702+0000] {logging_mixin.py:137} INFO - [2023-04-28T06:11:37.701+0000] {dag.py:2705} INFO - Sync 1 DAGs
[2023-04-28T06:11:37.735+0000] {logging_mixin.py:137} INFO - [2023-04-28T06:11:37.734+0000] {dag.py:3456} INFO - Setting next_dagrun for etl_web_to_s3 to 2023-04-26T00:00:00+00:00, run_after=2023-04-27T00:00:00+00:00
[2023-04-28T06:11:37.757+0000] {processor.py:175} INFO - Processing /opt/airflow/dags/etl_web_to_s3.py took 0.755 seconds
